<?xml version="1.0" encoding="UTF-8"?>
<!-- Generated by org.testng.reporters.JUnitReportReporter -->
<testsuite skipped="0" hostname="lenovo-PC" name="scenarios.SampleTest" tests="5" failures="0" timestamp="21 May 2021 11:36:13 GMT" time="0.010" errors="0">
  <testcase name="book" time="0.001" classname="scenarios.SampleTest"/>
  <testcase name="search" time="0.004" classname="scenarios.SampleTest"/>
  <testcase name="logout" time="0.003" classname="scenarios.SampleTest"/>
  <testcase name="login" time="0.000" classname="scenarios.SampleTest"/>
  <testcase name="select" time="0.002" classname="scenarios.SampleTest"/>
</testsuite> <!-- scenarios.SampleTest -->
